This is pdfTeXk, Version 3.141592-1.40.3 (Web2C 7.5.6) (format=latex 2010.6.8)  3 AUG 2010 18:35
entering extended mode
 %&-line parsing enabled.
**./images.tex
(./images.tex
LaTeX2e <2005/12/01>
Babel <v3.8h> and hyphenation patterns for english, usenglishmax, dumylang, noh
yphenation, arabic, basque, bulgarian, coptic, welsh, czech, slovak, german, ng
erman, danish, esperanto, spanish, catalan, galician, estonian, farsi, finnish,
 french, greek, monogreek, ancientgreek, croatian, hungarian, interlingua, ibyc
us, indonesian, icelandic, italian, latin, mongolian, dutch, norsk, polish, por
tuguese, pinyin, romanian, russian, slovenian, uppersorbian, serbian, swedish, 
turkish, ukenglish, ukrainian, loaded.

(/usr/share/texmf/tex/latex/base/report.cls
Document Class: report 2005/09/16 v1.4f Standard LaTeX document class
(/usr/share/texmf/tex/latex/base/size11.clo
File: size11.clo 2005/09/16 v1.4f Standard LaTeX file (size option)
)
\c@part=\count79
\c@chapter=\count80
\c@section=\count81
\c@subsection=\count82
\c@subsubsection=\count83
\c@paragraph=\count84
\c@subparagraph=\count85
\c@figure=\count86
\c@table=\count87
\abovecaptionskip=\skip41
\belowcaptionskip=\skip42
\bibindent=\dimen102
) (/usr/share/texmf/tex/latex/base/ifthen.sty
Package: ifthen 2001/05/26 v1.1c Standard LaTeX ifthen package (DPC)
) (/usr/share/texmf/tex/latex/hyperref/hyperref.sty
Package: hyperref 2007/02/07 v6.75r Hypertext links for LaTeX
(/usr/share/texmf/tex/latex/graphics/keyval.sty
Package: keyval 1999/03/16 v1.13 key=value parser (DPC)
\KV@toks@=\toks14
)
\@linkdim=\dimen103
\Hy@linkcounter=\count88
\Hy@pagecounter=\count89
(/usr/share/texmf/tex/latex/hyperref/pd1enc.def
File: pd1enc.def 2007/02/07 v6.75r Hyperref: PDFDocEncoding definition (HO)
) (/usr/share/texmf/tex/latex/config/hyperref.cfg
File: hyperref.cfg 2002/06/06 v1.2 hyperref configuration of TeXLive
) (/usr/share/texmf/tex/latex/oberdiek/kvoptions.sty
Package: kvoptions 2006/08/22 v2.4 Connects package keyval with LaTeX options (
HO)
)
Package hyperref Info: Hyper figures OFF on input line 2288.
Package hyperref Info: Link nesting OFF on input line 2293.
Package hyperref Info: Hyper index ON on input line 2296.
Package hyperref Info: Plain pages OFF on input line 2303.
Package hyperref Info: Backreferencing OFF on input line 2308.
Implicit mode ON; LaTeX internals redefined
Package hyperref Info: Bookmarks ON on input line 2444.
(/usr/share/texmf/tex/latex/html/url.sty
Package: url 1999/03/02  ver 1.4  Verb mode for urls, email addresses, and file
 names
)
LaTeX Info: Redefining \url on input line 2599.
\Fld@menulength=\count90
\Field@Width=\dimen104
\Fld@charsize=\dimen105
\Choice@toks=\toks15
\Field@toks=\toks16
Package hyperref Info: Hyper figures OFF on input line 3102.
Package hyperref Info: Link nesting OFF on input line 3107.
Package hyperref Info: Hyper index ON on input line 3110.
Package hyperref Info: backreferencing OFF on input line 3117.
Package hyperref Info: Link coloring OFF on input line 3122.
\Hy@abspage=\count91
\c@Item=\count92
\c@Hfootnote=\count93
)
*hyperref using driver hpdftex*
(/usr/share/texmf/tex/latex/hyperref/hpdftex.def
File: hpdftex.def 2007/02/07 v6.75r Hyperref driver for pdfTeX
\Fld@listcount=\count94
) (/usr/share/texmf/tex/latex/graphics/graphicx.sty
Package: graphicx 1999/02/16 v1.0f Enhanced LaTeX Graphics (DPC,SPQR)
(/usr/share/texmf/tex/latex/graphics/graphics.sty
Package: graphics 2006/02/20 v1.0o Standard LaTeX Graphics (DPC,SPQR)
(/usr/share/texmf/tex/latex/graphics/trig.sty
Package: trig 1999/03/16 v1.09 sin cos tan (DPC)
) (/usr/share/texmf/tex/latex/config/graphics.cfg
File: graphics.cfg 2007/01/18 v1.5 graphics configuration of teTeX/TeXLive
)
Package graphics Info: Driver file: pdftex.def on input line 90.
(/usr/share/texmf/tex/latex/pdftex-def/pdftex.def
File: pdftex.def 2007/01/08 v0.04d Graphics/color for pdfTeX
\Gread@gobject=\count95
))
\Gin@req@height=\dimen106
\Gin@req@width=\dimen107
) (/usr/share/texmf/tex/latex/wrapfig/wrapfig.sty
\wrapoverhang=\dimen108
\WF@size=\dimen109
\c@WF@wrappedlines=\count96
\WF@box=\box26
\WF@everypar=\toks17
Package: wrapfig 2003/01/31  v 3.6
) (/usr/share/texmf/tex/latex/graphics/color.sty
Package: color 2005/11/14 v1.0j Standard LaTeX Color (DPC)
(/usr/share/texmf/tex/latex/config/color.cfg
File: color.cfg 2007/01/18 v1.5 color configuration of teTeX/TeXLive
)
Package color Info: Driver file: pdftex.def on input line 130.
) (/home/warren/Desktop/thesis/thesis/pdfcomment.sty
Package: pdfcomment 2009/11/10 pdfcomment.sty v1.5b - Josef Kleber (C) 2008-200
9
(/usr/share/texmf/tex/latex/xkeyval/xkeyval.sty
Package: xkeyval 2006/11/18 v2.5f package option processing (HA)
(/usr/share/texmf/tex/latex/xkeyval/xkeyval.tex
\XKV@toks=\toks18
\XKV@depth=\count97
File: xkeyval.tex 2006/11/18 v2.5f key=value parser (HA)
))
\c@pc@annot@lines=\count98
\pc@dima=\skip43
\pc@dimb=\skip44
\pc@dimc=\skip45
\pc@dimd=\skip46
\pc@dime=\skip47
\pc@Sposx=\skip48
\pc@Sposy=\skip49
\pc@Eposx=\skip50
\pc@Eposy=\skip51
\pc@box@height=\skip52
\pc@box@depth=\skip53
(/usr/share/texmf/tex/latex/oberdiek/zref-savepos.sty
Package: zref-savepos 2007/01/23 v1.4 Module savepos for zref (HO)
(/usr/share/texmf/tex/latex/oberdiek/zref-base.sty
Package: zref-base 2007/01/23 Module base for zref (HO)
(/usr/share/texmf/tex/latex/oberdiek/auxhook.sty
Package: auxhook 2006/05/31 v1.0 Hooks for auxiliary files (HO)
)
Package zref Info: New property list: main on input line 346.
Package zref Info: New property: default on input line 347.
Package zref Info: New property: page on input line 348.
) (/usr/share/texmf/tex/generic/oberdiek/ifpdf.sty
Package: ifpdf 2006/02/20 v1.4 Provides the ifpdf switch (HO)
Package ifpdf Info: pdfTeX in pdf mode detected.
)
Package zref Info: New property list: savepos on input line 60.
Package zref Info: New property: posx on input line 61.
Package zref Info: New property: posy on input line 62.
)

LaTeX Warning: You have requested, on input line 2662, version
               `2007/04/22' of package zref-savepos,
               but only version
               `2007/01/23 v1.4 Module savepos for zref (HO)'
               is available.

\c@zref@unique=\count99
(/usr/share/texmf/tex/latex/tools/calc.sty
Package: calc 2005/08/06 v4.2 Infix arithmetic (KKT,FJ)
\calc@Acount=\count100
\calc@Bcount=\count101
\calc@Adimen=\dimen110
\calc@Bdimen=\dimen111
\calc@Askip=\skip54
\calc@Bskip=\skip55
LaTeX Info: Redefining \setlength on input line 75.
LaTeX Info: Redefining \addtolength on input line 76.
\calc@Ccount=\count102
\calc@Cskip=\skip56
) (/usr/share/texmf/tex/latex/marginnote/marginnote.sty
Package: marginnote 2006/10/26 v1.1 non floating margin notes for LaTeX
\c@mn@abspage=\count103
)

Package hyperref Warning: Option `pdftex' has already been used,
(hyperref)                setting the option has no effect on input line 2677.

) (/usr/share/texmf/tex/latex/booktabs/booktabs.sty
Package: booktabs 2005/03/16 v1.6180 publication quality tables
\heavyrulewidth=\dimen112
\lightrulewidth=\dimen113
\cmidrulewidth=\dimen114
\belowrulesep=\dimen115
\belowbottomsep=\dimen116
\aboverulesep=\dimen117
\abovetopsep=\dimen118
\cmidrulesep=\dimen119
\cmidrulekern=\dimen120
\defaultaddspace=\dimen121
\@cmidla=\count104
\@cmidlb=\count105
\@aboverulesep=\dimen122
\@belowrulesep=\dimen123
\@thisruleclass=\count106
\@lastruleclass=\count107
\@thisrulewidth=\dimen124
) (/usr/share/texmf/tex/latex/ctable/ctable.sty
Package: ctable 2006/10/12 v1.8 ctable package
(/usr/share/texmf/tex/latex/tools/xspace.sty
Package: xspace 2006/05/08 v1.12 Space after command names (DPC,MH)
) (/usr/share/texmf/tex/latex/tools/array.sty
Package: array 2005/08/23 v2.4b Tabular extension package (FMi)
\col@sep=\dimen125
\extrarowheight=\dimen126
\NC@list=\toks19
\extratabsurround=\skip57
\backup@length=\skip58
) (/usr/share/texmf/tex/latex/tools/tabularx.sty
Package: tabularx 1999/01/07 v2.07 `tabularx' package (DPC)
\TX@col@width=\dimen127
\TX@old@table=\dimen128
\TX@old@col=\dimen129
\TX@target=\dimen130
\TX@delta=\dimen131
\TX@cols=\count108
\TX@ftn=\toks20
) (/usr/share/texmf/tex/latex/rotating/rotating.sty
Package: rotating 1997/09/26, v2.13 Rotation package
\c@r@tfl@t=\count109
\rot@float@box=\box27
)
\@ctblframesep=\dimen132
\@ctblframerule=\dimen133
\@ctblwidth=\dimen134
\@ctblcaptionskip=\dimen135
\@ctblmaxwidth=\dimen136
\@ctblmincapwidth=\dimen137
\@ctblw=\dimen138
\@ctblww=\dimen139
\@ctbloldsep=\dimen140
\@ctbloldrule=\dimen141
\ctbl@tabelx=\box28
\ctbl@tabel=\box29
\ctbl@t=\box30
) (/usr/share/texmf/tex/latex/base/textcomp.sty
Package: textcomp 2005/09/27 v1.99g Standard LaTeX package
Package textcomp Info: Sub-encoding information:
(textcomp)               5 = only ISO-Adobe without \textcurrency
(textcomp)               4 = 5 + \texteuro
(textcomp)               3 = 4 + \textohm
(textcomp)               2 = 3 + \textestimated + \textcurrency
(textcomp)               1 = TS1 - \textcircled - \t
(textcomp)               0 = TS1 (full)
(textcomp)             Font families with sub-encoding setting implement
(textcomp)             only a restricted character set as indicated.
(textcomp)             Family '?' is the default used for unknown fonts.
(textcomp)             See the documentation for details.
Package textcomp Info: Setting ? sub-encoding to TS1/1 on input line 71.
(/usr/share/texmf/tex/latex/base/ts1enc.def
File: ts1enc.def 2001/06/05 v3.0e (jk/car/fm) Standard LaTeX file
)
LaTeX Info: Redefining \oldstylenums on input line 266.
Package textcomp Info: Setting cmr sub-encoding to TS1/0 on input line 281.
Package textcomp Info: Setting cmss sub-encoding to TS1/0 on input line 282.
Package textcomp Info: Setting cmtt sub-encoding to TS1/0 on input line 283.
Package textcomp Info: Setting cmvtt sub-encoding to TS1/0 on input line 284.
Package textcomp Info: Setting cmbr sub-encoding to TS1/0 on input line 285.
Package textcomp Info: Setting cmtl sub-encoding to TS1/0 on input line 286.
Package textcomp Info: Setting ccr sub-encoding to TS1/0 on input line 287.
Package textcomp Info: Setting ptm sub-encoding to TS1/4 on input line 288.
Package textcomp Info: Setting pcr sub-encoding to TS1/4 on input line 289.
Package textcomp Info: Setting phv sub-encoding to TS1/4 on input line 290.
Package textcomp Info: Setting ppl sub-encoding to TS1/3 on input line 291.
Package textcomp Info: Setting pag sub-encoding to TS1/4 on input line 292.
Package textcomp Info: Setting pbk sub-encoding to TS1/4 on input line 293.
Package textcomp Info: Setting pnc sub-encoding to TS1/4 on input line 294.
Package textcomp Info: Setting pzc sub-encoding to TS1/4 on input line 295.
Package textcomp Info: Setting bch sub-encoding to TS1/4 on input line 296.
Package textcomp Info: Setting put sub-encoding to TS1/5 on input line 297.
Package textcomp Info: Setting uag sub-encoding to TS1/5 on input line 298.
Package textcomp Info: Setting ugq sub-encoding to TS1/5 on input line 299.
Package textcomp Info: Setting ul8 sub-encoding to TS1/4 on input line 300.
Package textcomp Info: Setting ul9 sub-encoding to TS1/4 on input line 301.
Package textcomp Info: Setting augie sub-encoding to TS1/5 on input line 302.
Package textcomp Info: Setting dayrom sub-encoding to TS1/3 on input line 303.
Package textcomp Info: Setting dayroms sub-encoding to TS1/3 on input line 304.

Package textcomp Info: Setting pxr sub-encoding to TS1/0 on input line 305.
Package textcomp Info: Setting pxss sub-encoding to TS1/0 on input line 306.
Package textcomp Info: Setting pxtt sub-encoding to TS1/0 on input line 307.
Package textcomp Info: Setting txr sub-encoding to TS1/0 on input line 308.
Package textcomp Info: Setting txss sub-encoding to TS1/0 on input line 309.
Package textcomp Info: Setting txtt sub-encoding to TS1/0 on input line 310.
Package textcomp Info: Setting futs sub-encoding to TS1/4 on input line 311.
Package textcomp Info: Setting futx sub-encoding to TS1/4 on input line 312.
Package textcomp Info: Setting futj sub-encoding to TS1/4 on input line 313.
Package textcomp Info: Setting hlh sub-encoding to TS1/3 on input line 314.
Package textcomp Info: Setting hls sub-encoding to TS1/3 on input line 315.
Package textcomp Info: Setting hlst sub-encoding to TS1/3 on input line 316.
Package textcomp Info: Setting hlct sub-encoding to TS1/5 on input line 317.
Package textcomp Info: Setting hlx sub-encoding to TS1/5 on input line 318.
Package textcomp Info: Setting hlce sub-encoding to TS1/5 on input line 319.
Package textcomp Info: Setting hlcn sub-encoding to TS1/5 on input line 320.
Package textcomp Info: Setting hlcw sub-encoding to TS1/5 on input line 321.
Package textcomp Info: Setting hlcf sub-encoding to TS1/5 on input line 322.
Package textcomp Info: Setting pplx sub-encoding to TS1/3 on input line 323.
Package textcomp Info: Setting pplj sub-encoding to TS1/3 on input line 324.
Package textcomp Info: Setting ptmx sub-encoding to TS1/4 on input line 325.
Package textcomp Info: Setting ptmj sub-encoding to TS1/4 on input line 326.
) (/usr/share/texmf/tex/latex/acronym/acronym.sty
Package: acronym 2006/06/26 v1.26 Support for acronyms (Tobias Oetiker)
(/usr/share/texmf/tex/latex/bigfoot/suffix.sty
Package: suffix 2006/07/15 1.5 Variant command support
)
\clearlist=\toks21
) (/usr/share/texmf/tex/latex/ltxmisc/threeparttable.sty
Package: threeparttable 2003/06/13  v 3.0
\@tempboxb=\box31
) (/usr/share/texmf/tex/latex/xcolor/xcolor.sty
Package: xcolor 2007/01/21 v2.11 LaTeX color extensions (UK)
(/usr/share/texmf/tex/latex/config/color.cfg
File: color.cfg 2007/01/18 v1.5 color configuration of teTeX/TeXLive
)
Package xcolor Info: Driver file: pdftex.def on input line 225.
(/usr/share/texmf/tex/latex/colortbl/colortbl.sty
Package: colortbl 2001/02/13 v0.1j Color table columns (DPC)
\everycr=\toks22
\minrowclearance=\skip59
)
LaTeX Info: Redefining \color on input line 702.
\rownum=\count110
Package xcolor Info: Model `cmy' substituted by `cmy0' on input line 1337.
Package xcolor Info: Model `hsb' substituted by `rgb' on input line 1341.
Package xcolor Info: Model `RGB' extended on input line 1353.
Package xcolor Info: Model `HTML' substituted by `rgb' on input line 1355.
Package xcolor Info: Model `Hsb' substituted by `hsb' on input line 1356.
Package xcolor Info: Model `tHsb' substituted by `hsb' on input line 1357.
Package xcolor Info: Model `HSB' substituted by `hsb' on input line 1358.
Package xcolor Info: Model `Gray' substituted by `gray' on input line 1359.
Package xcolor Info: Model `wave' substituted by `hsb' on input line 1360.
) (/usr/share/texmf/tex/latex/caption/caption.sty
Package: caption 2007/01/07 v3.0k Customising captions (AR)
(/usr/share/texmf/tex/latex/caption/caption3.sty
Package: caption3 2007/01/07 v3.0k caption3 kernel (AR)
\captionmargin=\dimen142
\captionmarginx=\dimen143
\captionwidth=\dimen144
\captionindent=\dimen145
\captionparindent=\dimen146
\captionhangindent=\dimen147
)
Package caption Info: hyperref package v6.74m (or newer) detected on input line
 304.
Package caption Info: rotating package v2.0 (or newer) detected on input line 3
82.
) (/usr/share/texmf/tex/latex/footmisc/footmisc.sty
Package: footmisc 2005/03/17 v5.3d a miscellany of footnote facilities
\FN@temptoken=\toks23
\footnotemargin=\dimen148

LaTeX Warning: Command \@footnotetext  has changed.
               Check if current package is valid.

\c@pp@next@reset=\count111
Package footmisc Info: Declaring symbol style bringhurst on input line 817.
Package footmisc Info: Declaring symbol style chicago on input line 818.
Package footmisc Info: Declaring symbol style wiley on input line 819.
Package footmisc Info: Declaring symbol style lamport-robust on input line 823.

Package footmisc Info: Declaring symbol style lamport* on input line 831.
Package footmisc Info: Declaring symbol style lamport*-robust on input line 840
.
)
Package hyperref Info: Option `colorlinks' set `true' on input line 16.
\GPT@outputbox=\box32
(/usr/share/texmf/tex/latex/base/inputenc.sty
Package: inputenc 2006/05/05 v1.1b Input encoding file
\inpenc@prehook=\toks24
\inpenc@posthook=\toks25
)
\sizebox=\box33
\lthtmlwrite=\write3
(./images.aux)
\openout1 = `images.aux'.

LaTeX Font Info:    Checking defaults for OML/cmm/m/it on input line 140.
LaTeX Font Info:    ... okay on input line 140.
LaTeX Font Info:    Checking defaults for T1/cmr/m/n on input line 140.
LaTeX Font Info:    ... okay on input line 140.
LaTeX Font Info:    Checking defaults for OT1/cmr/m/n on input line 140.
LaTeX Font Info:    ... okay on input line 140.
LaTeX Font Info:    Checking defaults for OMS/cmsy/m/n on input line 140.
LaTeX Font Info:    ... okay on input line 140.
LaTeX Font Info:    Checking defaults for OMX/cmex/m/n on input line 140.
LaTeX Font Info:    ... okay on input line 140.
LaTeX Font Info:    Checking defaults for U/cmr/m/n on input line 140.
LaTeX Font Info:    ... okay on input line 140.
LaTeX Font Info:    Checking defaults for PD1/pdf/m/n on input line 140.
LaTeX Font Info:    ... okay on input line 140.
LaTeX Font Info:    Checking defaults for TS1/cmr/m/n on input line 140.
LaTeX Font Info:    Try loading font information for TS1+cmr on input line 140.

(/usr/share/texmf/tex/latex/base/ts1cmr.fd
File: ts1cmr.fd 1999/05/25 v2.5h Standard LaTeX font definitions
)
LaTeX Font Info:    ... okay on input line 140.
Package hyperref Info: Link coloring ON on input line 140.
(/usr/share/texmf/tex/latex/hyperref/nameref.sty
Package: nameref 2006/12/27 v2.28 Cross-referencing by name of section
(/usr/share/texmf/tex/latex/oberdiek/refcount.sty
Package: refcount 2006/02/20 v3.0 Data extraction from references (HO)
)
\c@section@level=\count112
)
LaTeX Info: Redefining \ref on input line 140.
LaTeX Info: Redefining \pageref on input line 140.
\@outlinefile=\write4
\openout4 = `images.out'.

Package marginnote Info: \pdfoutput not 0 and \pdflastxpos available.
(marginnote)             Extended possition detection mode activated.
(/usr/share/texmf/tex/latex/ragged2e/ragged2e.sty
Package: ragged2e 2003/03/25 v2.04 ragged2e Package (MS)
(/usr/share/texmf/tex/latex/everysel/everysel.sty
Package: everysel 1999/06/08 v1.03 EverySelectfont Package (MS)
LaTeX Info: Redefining \selectfont on input line 125.
)
\CenteringLeftskip=\skip60
\RaggedLeftLeftskip=\skip61
\RaggedRightLeftskip=\skip62
\CenteringRightskip=\skip63
\RaggedLeftRightskip=\skip64
\RaggedRightRightskip=\skip65
\CenteringParfillskip=\skip66
\RaggedLeftParfillskip=\skip67
\RaggedRightParfillskip=\skip68
\JustifyingParfillskip=\skip69
\CenteringParindent=\skip70
\RaggedLeftParindent=\skip71
\RaggedRightParindent=\skip72
\JustifyingParindent=\skip73
)

latex2htmlLength hsize=349.0pt

latex2htmlLength vsize=629.40024pt

latex2htmlLength hoffset=0.0pt

latex2htmlLength voffset=0.0pt

latex2htmlLength topmargin=0.0pt

latex2htmlLength topskip=0.00003pt

latex2htmlLength headheight=0.0pt

latex2htmlLength headsep=0.0pt

latex2htmlLength parskip=0.0pt plus 1.0pt

latex2htmlLength oddsidemargin=54.0pt

latex2htmlLength evensidemargin=54.0pt

(/usr/share/texmf/tex/latex/base/omlcmr.fd)
l2hSize :table43:117.42963pt::0.0pt::349.0pt.
[1



{/usr/share/texmf/fonts/map/pdftex/updmap/pdftex.map}]
l2hSize :table362:438.38867pt::0.0pt::349.0pt.
[2


]
l2hSize :table384:266.43861pt::0.0pt::349.0pt.
[3


]
Overfull \hbox (6.97925pt too wide) in paragraph at lines 309--309
[]|\OT1/cmr/m/n/10.95 Grassroots 
 []

l2hSize :table613:216.14868pt::0.0pt::349.0pt.
[4


]
l2hSize :table689:500.94952pt::0.0pt::349.0pt.
[5


]
Overfull \hbox (10.67738pt too wide) in paragraph at lines 392--392
[]|\OT1/cmr/m/n/10.95 Date 
 []


Overfull \hbox (7.78778pt too wide) in paragraph at lines 392--392
\OT1/cmr/m/n/10.95 cap- 
 []


Overfull \hbox (7.20988pt too wide) in paragraph at lines 392--392
\OT1/cmr/m/n/10.95 ture|  
 []


Overfull \hbox (38.41742pt too wide) in paragraph at lines 392--392
[]|\OT1/cmr/m/n/10.95 Resolution|  
 []


Overfull \hbox (10.55571pt too wide) in paragraph at lines 392--392
[]|\OT1/cmr/m/n/10.95 Area|  
 []


Overfull \hbox (8.12236pt too wide) in paragraph at lines 392--392
[]|\OT1/cmr/m/n/10.95 Trip 
 []


Overfull \hbox (20.13698pt too wide) in paragraph at lines 392--392
\OT1/cmr/m/n/10.95 Leader|  
 []


Overfull \hbox (36.59242pt too wide) in paragraph at lines 392--392
[]|\OT1/cmr/m/n/10.95 Estimated 
 []


Overfull \hbox (9.00447pt too wide) in paragraph at lines 392--392
\OT1/cmr/m/n/10.95 tude|  
 []


Overfull \hbox (36.07527pt too wide) in paragraph at lines 392--392
[]|\OT1/cmr/m/n/10.95 Technique|  
 []

l2hSize :table702:109.6695pt::0.0pt::349.0pt.
[6


] <diagrams/resolution-frequency.pdf, id=40, 562.1pt x 264.99pt>
File: diagrams/resolution-frequency.pdf Graphic file (type pdf)
<use diagrams/resolution-frequency.pdf>
l2hSize :tex2html_wrap5741:164.52661pt::0.0pt::349.0pt.
[7


 </home/warren/Desktop/thesis/thesis/diagrams/resolution-frequency.pdf

pdfTeX warning: /usr/bin/latex (file /home/warren/Desktop/thesis/thesis/diagram
s/resolution-frequency.pdf): PDF inclusion: Page Group detected which pdfTeX ca
n't handle. Ignoring it.
>]
l2hSize :table826:117.42963pt::0.0pt::349.0pt.
[8


]
l2hSize :acronym859:169.33336pt::0.0pt::349.0pt.
[9


] (./images.aux) ) 
Here is how much of TeX's memory you used:
 6080 strings out of 256217
 97090 string characters out of 1917096
 188058 words of memory out of 1500000
 9257 multiletter control sequences out of 10000+200000
 7799 words of font info for 28 fonts, out of 1200000 for 2000
 645 hyphenation exceptions out of 8191
 52i,18n,89p,610b,453s stack positions out of 5000i,500n,6000p,200000b,15000s
 </home/warren/.texlive2007/texmf-var/fonts/pk/ljfour/jknappe
n/ec/tcrm1095.600pk></usr/share/texmf/fonts/type1/bluesky/cm/cmbx10.pfb></usr/s
hare/texmf/fonts/type1/bluesky/cm/cmbx8.pfb></usr/share/texmf/fonts/type1/blues
ky/cm/cmmi10.pfb></usr/share/texmf/fonts/type1/bluesky/cm/cmr10.pfb></usr/share
/texmf/fonts/type1/bluesky/cm/cmr8.pfb></usr/share/texmf/fonts/type1/bluesky/cm
/cmssbx10.pfb></usr/share/texmf/fonts/type1/bluesky/cm/cmtt10.pfb>
Output written on images.pdf (9 pages, 64390 bytes).
PDF statistics:
 103 PDF objects out of 1000 (max. 8388607)
 17 named destinations out of 1000 (max. 131072)
 22 words of extra memory for PDF output out of 10000 (max. 10000000)

